[debug] [2023-01-06T19:58:03.314Z] ----------------------------------------------------------------------
[debug] [2023-01-06T19:58:03.315Z] Command:       C:\Program Files\nodejs\node.exe C:\Users\dasni\AppData\Roaming\npm\node_modules\firebase-tools\lib\bin\firebase.js init
[debug] [2023-01-06T19:58:03.316Z] CLI Version:   11.20.0
[debug] [2023-01-06T19:58:03.316Z] Platform:      win32
[debug] [2023-01-06T19:58:03.316Z] Node Version:  v16.18.1
[debug] [2023-01-06T19:58:03.317Z] Time:          Sat Jan 07 2023 01:28:03 GMT+0530 (India Standard Time)
[debug] [2023-01-06T19:58:03.317Z] ----------------------------------------------------------------------
[debug] 
[debug] [2023-01-06T19:58:03.323Z] > command requires scopes: ["email","openid","https://www.googleapis.com/auth/cloudplatformprojects.readonly","https://www.googleapis.com/auth/firebase","https://www.googleapis.com/auth/cloud-platform"]
[debug] [2023-01-06T19:58:03.323Z] > authorizing via signed-in user (dasnitin32@gmail.com)
[info] 
     ######## #### ########  ######## ########     ###     ######  ########
     ##        ##  ##     ## ##       ##     ##  ##   ##  ##       ##
     ######    ##  ########  ######   ########  #########  ######  ######
     ##        ##  ##    ##  ##       ##     ## ##     ##       ## ##
     ##       #### ##     ## ######## ########  ##     ##  ######  ########

You're about to initialize a Firebase project in this directory:

  F:\Projects\GO-Amazon JS\amazon-clone

[info] 
=== Project Setup
[info] 
[info] First, let's associate this project directory with a Firebase project.
[info] You can create multiple project aliases by running firebase use --add, 
[info] but for now we'll just set up a default project.
[info] 
[debug] [2023-01-06T20:00:16.886Z] >>> [apiv2][query] GET https://firebase.googleapis.com/v1beta1/projects pageSize=100
[debug] [2023-01-06T20:00:19.388Z] <<< [apiv2][status] GET https://firebase.googleapis.com/v1beta1/projects 200
[debug] [2023-01-06T20:00:19.388Z] <<< [apiv2][body] GET https://firebase.googleapis.com/v1beta1/projects [omitted]
[info] i  Using project clone-bfd61 (amazon-clone) 
[info] 
=== Database Setup
[info] i  database: ensuring required API firebasedatabase.googleapis.com is enabled... 
[debug] [2023-01-06T20:01:04.031Z] >>> [apiv2][query] GET https://serviceusage.googleapis.com/v1/projects/clone-bfd61/services/firebasedatabase.googleapis.com [none]
[debug] [2023-01-06T20:01:04.031Z] >>> [apiv2][(partial)header] GET https://serviceusage.googleapis.com/v1/projects/clone-bfd61/services/firebasedatabase.googleapis.com x-goog-quota-user=projects/clone-bfd61
[debug] [2023-01-06T20:01:07.360Z] <<< [apiv2][status] GET https://serviceusage.googleapis.com/v1/projects/clone-bfd61/services/firebasedatabase.googleapis.com 200
[debug] [2023-01-06T20:01:07.360Z] <<< [apiv2][body] GET https://serviceusage.googleapis.com/v1/projects/clone-bfd61/services/firebasedatabase.googleapis.com [omitted]
[info] +  database: required API firebasedatabase.googleapis.com is enabled 
[info] 
[debug] [2023-01-06T20:01:07.361Z] >>> [apiv2][query] GET https://firebasedatabase.googleapis.com/v1beta/projects/clone-bfd61/locations/-/instances/clone-bfd61-default-rtdb [none]
[debug] [2023-01-06T20:01:08.529Z] <<< [apiv2][status] GET https://firebasedatabase.googleapis.com/v1beta/projects/clone-bfd61/locations/-/instances/clone-bfd61-default-rtdb 200
[debug] [2023-01-06T20:01:08.530Z] <<< [apiv2][body] GET https://firebasedatabase.googleapis.com/v1beta/projects/clone-bfd61/locations/-/instances/clone-bfd61-default-rtdb {"name":"projects/201221707515/locations/us-central1/instances/clone-bfd61-default-rtdb","project":"projects/201221707515","databaseUrl":"https://clone-bfd61-default-rtdb.firebaseio.com","type":"DEFAULT_DATABASE","state":"ACTIVE"}
[info] 
[info] Firebase Realtime Database Security Rules allow you to define how your data should be
[info] structured and when your data can be read from and written to.
[info] 
[debug] [2023-01-06T20:01:25.627Z] >>> [apiv2][query] GET https://clone-bfd61-default-rtdb.firebaseio.com/.settings/rules.json [none]
[debug] [2023-01-06T20:01:27.097Z] <<< [apiv2][status] GET https://clone-bfd61-default-rtdb.firebaseio.com/.settings/rules.json 200
[debug] [2023-01-06T20:01:27.097Z] <<< [apiv2][body] GET https://clone-bfd61-default-rtdb.firebaseio.com/.settings/rules.json [stream]
[info] +  Database Rules for clone-bfd61-default-rtdb have been written to database.rules.json. 
[info] Future modifications to database.rules.json will update Realtime Database Security Rules when you run
[info] firebase deploy.
[info] 
=== Functions Setup
[debug] [2023-01-06T20:01:27.100Z] > command requires scopes: ["email","openid","https://www.googleapis.com/auth/cloudplatformprojects.readonly","https://www.googleapis.com/auth/firebase","https://www.googleapis.com/auth/cloud-platform"]
[debug] [2023-01-06T20:01:27.101Z] > authorizing via signed-in user (dasnitin32@gmail.com)
[debug] [2023-01-06T20:01:27.101Z] [iam] checking project clone-bfd61 for permissions ["firebase.projects.get"]
[debug] [2023-01-06T20:01:27.101Z] >>> [apiv2][query] POST https://cloudresourcemanager.googleapis.com/v1/projects/clone-bfd61:testIamPermissions [none]
[debug] [2023-01-06T20:01:27.101Z] >>> [apiv2][(partial)header] POST https://cloudresourcemanager.googleapis.com/v1/projects/clone-bfd61:testIamPermissions x-goog-quota-user=projects/clone-bfd61
[debug] [2023-01-06T20:01:27.102Z] >>> [apiv2][body] POST https://cloudresourcemanager.googleapis.com/v1/projects/clone-bfd61:testIamPermissions {"permissions":["firebase.projects.get"]}
[debug] [2023-01-06T20:01:29.131Z] <<< [apiv2][status] POST https://cloudresourcemanager.googleapis.com/v1/projects/clone-bfd61:testIamPermissions 200
[debug] [2023-01-06T20:01:29.131Z] <<< [apiv2][body] POST https://cloudresourcemanager.googleapis.com/v1/projects/clone-bfd61:testIamPermissions {"permissions":["firebase.projects.get"]}
[debug] [2023-01-06T20:01:29.131Z] >>> [apiv2][query] GET https://serviceusage.googleapis.com/v1/projects/clone-bfd61/services/cloudfunctions.googleapis.com [none]
[debug] [2023-01-06T20:01:29.131Z] >>> [apiv2][(partial)header] GET https://serviceusage.googleapis.com/v1/projects/clone-bfd61/services/cloudfunctions.googleapis.com x-goog-quota-user=projects/clone-bfd61
[debug] [2023-01-06T20:01:29.132Z] >>> [apiv2][query] GET https://serviceusage.googleapis.com/v1/projects/clone-bfd61/services/runtimeconfig.googleapis.com [none]
[debug] [2023-01-06T20:01:29.132Z] >>> [apiv2][(partial)header] GET https://serviceusage.googleapis.com/v1/projects/clone-bfd61/services/runtimeconfig.googleapis.com x-goog-quota-user=projects/clone-bfd61
[debug] [2023-01-06T20:01:31.364Z] <<< [apiv2][status] GET https://serviceusage.googleapis.com/v1/projects/clone-bfd61/services/cloudfunctions.googleapis.com 200
[debug] [2023-01-06T20:01:31.364Z] <<< [apiv2][body] GET https://serviceusage.googleapis.com/v1/projects/clone-bfd61/services/cloudfunctions.googleapis.com [omitted]
[debug] [2023-01-06T20:01:31.365Z] >>> [apiv2][query] POST https://serviceusage.googleapis.com/v1/projects/clone-bfd61/services/cloudfunctions.googleapis.com:enable [none]
[debug] [2023-01-06T20:01:31.365Z] >>> [apiv2][(partial)header] POST https://serviceusage.googleapis.com/v1/projects/clone-bfd61/services/cloudfunctions.googleapis.com:enable x-goog-quota-user=projects/clone-bfd61
[debug] [2023-01-06T20:01:31.374Z] <<< [apiv2][status] GET https://serviceusage.googleapis.com/v1/projects/clone-bfd61/services/runtimeconfig.googleapis.com 200
[debug] [2023-01-06T20:01:31.374Z] <<< [apiv2][body] GET https://serviceusage.googleapis.com/v1/projects/clone-bfd61/services/runtimeconfig.googleapis.com [omitted]
[debug] [2023-01-06T20:01:33.883Z] <<< [apiv2][status] POST https://serviceusage.googleapis.com/v1/projects/clone-bfd61/services/cloudfunctions.googleapis.com:enable 200
[debug] [2023-01-06T20:01:33.883Z] <<< [apiv2][body] POST https://serviceusage.googleapis.com/v1/projects/clone-bfd61/services/cloudfunctions.googleapis.com:enable [omitted]
[debug] [2023-01-06T20:01:43.885Z] >>> [apiv2][query] GET https://serviceusage.googleapis.com/v1/projects/clone-bfd61/services/cloudfunctions.googleapis.com [none]
[debug] [2023-01-06T20:01:43.885Z] >>> [apiv2][(partial)header] GET https://serviceusage.googleapis.com/v1/projects/clone-bfd61/services/cloudfunctions.googleapis.com x-goog-quota-user=projects/clone-bfd61
[debug] [2023-01-06T20:01:46.537Z] <<< [apiv2][status] GET https://serviceusage.googleapis.com/v1/projects/clone-bfd61/services/cloudfunctions.googleapis.com 200
[debug] [2023-01-06T20:01:46.537Z] <<< [apiv2][body] GET https://serviceusage.googleapis.com/v1/projects/clone-bfd61/services/cloudfunctions.googleapis.com [omitted]
[info] Let's create a new codebase for your functions.
[info] A directory corresponding to the codebase will be created in your project
[info] with sample code pre-configured.

[info] See https://firebase.google.com/docs/functions/organize-functions for
[info] more information on organizing your functions using codebases.

[info] Functions can be deployed with firebase deploy.

[info] +  Wrote functions/package.json 
[info] +  Wrote functions/.eslintrc.js 
[info] +  Wrote functions/index.js 
[info] +  Wrote functions/.gitignore 
[info] 
=== Hosting Setup
[info] 
[info] Your public directory is the folder (relative to your project directory) that
[info] will contain Hosting assets to be uploaded with firebase deploy. If you
[info] have a build process for your assets, use your build's output directory.
[info] 
[debug] [2023-01-06T20:05:44.069Z] >>> [apiv2][query] GET https://www.gstatic.com/firebasejs/releases.json [none]
[debug] [2023-01-06T20:05:44.690Z] <<< [apiv2][status] GET https://www.gstatic.com/firebasejs/releases.json 200
[debug] [2023-01-06T20:05:44.691Z] <<< [apiv2][body] GET https://www.gstatic.com/firebasejs/releases.json {"current":{"version":"9.15.0","browserURL":"https://www.gstatic.com/firebasejs/9.15.0/firebase.js","packageURL":"https://www.gstatic.com/firebasejs/9.15.0/firebase.tgz"},"live":{"version":"9.15","browserURL":"https://www.gstatic.com/firebasejs/live/9.15/firebase.js","packageURL":"https://www.gstatic.com/firebasejs/live/9.15/firebase.tgz"},"components":{"analytics":"https://www.gstatic.com/firebasejs/9.15.0/firebase-analytics.js","app":"https://www.gstatic.com/firebasejs/9.15.0/firebase-app.js","app-check":"https://www.gstatic.com/firebasejs/9.15.0/firebase-app-check.js","auth":"https://www.gstatic.com/firebasejs/9.15.0/firebase-auth.js","auth/cordova":"https://www.gstatic.com/firebasejs/9.15.0/firebase-auth/cordova.js","auth/react-native":"https://www.gstatic.com/firebasejs/9.15.0/firebase-auth/react-native.js","functions":"https://www.gstatic.com/firebasejs/9.15.0/firebase-functions.js","firestore":"https://www.gstatic.com/firebasejs/9.15.0/firebase-firestore.js","firestore/lite":"https://www.gstatic.com/firebasejs/9.15.0/firebase-firestore/lite.js","installations":"https://www.gstatic.com/firebasejs/9.15.0/firebase-installations.js","storage":"https://www.gstatic.com/firebasejs/9.15.0/firebase-storage.js","performance":"https://www.gstatic.com/firebasejs/9.15.0/firebase-performance.js","remote-config":"https://www.gstatic.com/firebasejs/9.15.0/firebase-remote-config.js","messaging":"https://www.gstatic.com/firebasejs/9.15.0/firebase-messaging.js","messaging/sw":"https://www.gstatic.com/firebasejs/9.15.0/firebase-messaging/sw.js","database":"https://www.gstatic.com/firebasejs/9.15.0/firebase-database.js","firestore.memory":"https://www.gstatic.com/firebasejs/9.15.0/firebase-firestore.memory.js"}}
[info] +  Wrote GO-Amazon JS/index.html 
[info] 
[info] i  Didn't detect a .git folder. Assuming F:\Projects\GO-Amazon JS\amazon-clone is the project root. 
[info] i  Authorizing with GitHub to upload your service account to a GitHub repository's secrets store. 
[info] 
[info] Visit this URL on this device to log in:
[info] https://github.com/login/oauth/authorize?client_id=89cf50f02ac6aaed3484&state=975764290&redirect_uri=http%3A%2F%2Flocalhost%3A9005&scope=read%3Auser%20repo%20public_repo
[info] 
[info] Waiting for authentication...
[debug] [2023-01-06T20:05:51.134Z] >>> [apiv2][query] POST https://github.com/login/oauth/access_token [none]
[debug] [2023-01-06T20:05:51.134Z] >>> [apiv2][body] POST https://github.com/login/oauth/access_token [stream]
[debug] [2023-01-06T20:05:52.059Z] <<< [apiv2][status] POST https://github.com/login/oauth/access_token 200
[debug] [2023-01-06T20:05:52.059Z] <<< [apiv2][body] POST https://github.com/login/oauth/access_token {"access_token":"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","token_type":"bearer","scope":"read:user,repo"}
[debug] [2023-01-06T20:05:52.063Z] >>> [apiv2][query] GET https://api.github.com/user [none]
[debug] [2023-01-06T20:05:52.863Z] <<< [apiv2][status] GET https://api.github.com/user 200
[debug] [2023-01-06T20:05:52.864Z] <<< [apiv2][body] GET https://api.github.com/user {"login":"NiTiN-DaGGeR","id":79076833,"node_id":"MDQ6VXNlcjc5MDc2ODMz","avatar_url":"https://avatars.githubusercontent.com/u/79076833?v=4","gravatar_id":"","url":"https://api.github.com/users/NiTiN-DaGGeR","html_url":"https://github.com/NiTiN-DaGGeR","followers_url":"https://api.github.com/users/NiTiN-DaGGeR/followers","following_url":"https://api.github.com/users/NiTiN-DaGGeR/following{/other_user}","gists_url":"https://api.github.com/users/NiTiN-DaGGeR/gists{/gist_id}","starred_url":"https://api.github.com/users/NiTiN-DaGGeR/starred{/owner}{/repo}","subscriptions_url":"https://api.github.com/users/NiTiN-DaGGeR/subscriptions","organizations_url":"https://api.github.com/users/NiTiN-DaGGeR/orgs","repos_url":"https://api.github.com/users/NiTiN-DaGGeR/repos","events_url":"https://api.github.com/users/NiTiN-DaGGeR/events{/privacy}","received_events_url":"https://api.github.com/users/NiTiN-DaGGeR/received_events","type":"User","site_admin":false,"name":"Nitin Das","company":null,"blog":"","location":null,"email":null,"hireable":null,"bio":"WEB DEVELOPER","twitter_username":null,"public_repos":4,"public_gists":0,"followers":0,"following":1,"created_at":"2021-02-15T07:04:42Z","updated_at":"2023-01-06T20:05:50Z","private_gists":0,"total_private_repos":0,"owned_private_repos":0,"disk_usage":46578,"collaborators":0,"two_factor_authentication":false,"plan":{"name":"free","space":976562499,"collaborators":0,"private_repos":10000}}
[info] 
[info] +  Success! Logged into GitHub as NiTiN-DaGGeR 
[info] 
[debug] [2023-01-06T20:06:23.164Z] >>> [apiv2][query] GET https://api.github.com/repos//actions/secrets/public-key type=owner
[debug] [2023-01-06T20:06:23.914Z] <<< [apiv2][status] GET https://api.github.com/repos//actions/secrets/public-key 404
[debug] [2023-01-06T20:06:23.914Z] <<< [apiv2][body] GET https://api.github.com/repos//actions/secrets/public-key {"message":"Not Found","documentation_url":"https://docs.github.com/rest"}
[debug] [2023-01-06T20:06:24.611Z] >>> [apiv2][query] GET https://api.github.com/repos//actions/secrets/public-key type=owner
[debug] [2023-01-06T20:06:25.195Z] <<< [apiv2][status] GET https://api.github.com/repos//actions/secrets/public-key 404
[debug] [2023-01-06T20:06:25.195Z] <<< [apiv2][body] GET https://api.github.com/repos//actions/secrets/public-key {"message":"Not Found","documentation_url":"https://docs.github.com/rest"}
